D:\TASK\WALLPAPER\SRC\BINGWALLPAPER2\COREUTILITY\X64\RELEASE\COREUTILITY.PCH
D:\TASK\WALLPAPER\SRC\BINGWALLPAPER2\COREUTILITY\X64\RELEASE\STDAFX.OBJ
D:\TASK\WALLPAPER\SRC\BINGWALLPAPER2\COREUTILITY\X64\RELEASE\VC110.PDB
D:\TASK\WALLPAPER\SRC\BINGWALLPAPER2\COREUTILITY\X64\RELEASE\WMI.OBJ
D:\TASK\WALLPAPER\SRC\BINGWALLPAPER2\COREUTILITY\X64\RELEASE\TPMINFO.OBJ
D:\TASK\WALLPAPER\SRC\BINGWALLPAPER2\COREUTILITY\X64\RELEASE\SYSTEMINFOUUIDHANDLER.OBJ
D:\TASK\WALLPAPER\SRC\BINGWALLPAPER2\COREUTILITY\X64\RELEASE\SMBIOSTABLE.OBJ
D:\TASK\WALLPAPER\SRC\BINGWALLPAPER2\COREUTILITY\X64\RELEASE\SMBIOSSCANNER.OBJ
D:\TASK\WALLPAPER\SRC\BINGWALLPAPER2\COREUTILITY\X64\RELEASE\ROAMINGHELPER.OBJ
D:\TASK\WALLPAPER\SRC\BINGWALLPAPER2\COREUTILITY\X64\RELEASE\PHYSICALDRIVEINNTUSINGSMART.OBJ
D:\TASK\WALLPAPER\SRC\BINGWALLPAPER2\COREUTILITY\X64\RELEASE\NOTIFYICONMANAGER.OBJ
D:\TASK\WALLPAPER\SRC\BINGWALLPAPER2\COREUTILITY\X64\RELEASE\NEWSHA256.OBJ
D:\TASK\WALLPAPER\SRC\BINGWALLPAPER2\COREUTILITY\X64\RELEASE\FOLDERBROWSER.OBJ
D:\TASK\WALLPAPER\SRC\BINGWALLPAPER2\COREUTILITY\X64\RELEASE\DEVICEID.OBJ
D:\TASK\WALLPAPER\SRC\BINGWALLPAPER2\X64\RELEASE\COREUTILITY.LIB
D:\Task\WallPaper\src\BingWallPaper2\CoreUtility\x64\Release\DeviceID.obj
D:\Task\WallPaper\src\BingWallPaper2\CoreUtility\x64\Release\FolderBrowser.obj
D:\Task\WallPaper\src\BingWallPaper2\CoreUtility\x64\Release\newsha256.obj
D:\Task\WallPaper\src\BingWallPaper2\CoreUtility\x64\Release\NotifyIconManager.obj
D:\Task\WallPaper\src\BingWallPaper2\CoreUtility\x64\Release\PhysicalDriveInNTUsingSmart.obj
D:\Task\WallPaper\src\BingWallPaper2\CoreUtility\x64\Release\RoamingHelper.obj
D:\Task\WallPaper\src\BingWallPaper2\CoreUtility\x64\Release\SmbiosScanner.obj
D:\Task\WallPaper\src\BingWallPaper2\CoreUtility\x64\Release\SmbiosTable.obj
D:\Task\WallPaper\src\BingWallPaper2\CoreUtility\x64\Release\stdafx.obj
D:\Task\WallPaper\src\BingWallPaper2\CoreUtility\x64\Release\SystemInfoUUIDHandler.obj
D:\Task\WallPaper\src\BingWallPaper2\CoreUtility\x64\Release\TPMInfo.obj
D:\Task\WallPaper\src\BingWallPaper2\CoreUtility\x64\Release\WMI.obj
D:\Task\WallPaper\src\BingWallPaper2\CoreUtility\x64\Release\cl.command.1.tlog
D:\Task\WallPaper\src\BingWallPaper2\CoreUtility\x64\Release\CL.read.1.tlog
D:\Task\WallPaper\src\BingWallPaper2\CoreUtility\x64\Release\CL.write.1.tlog
D:\Task\WallPaper\src\BingWallPaper2\CoreUtility\x64\Release\Lib-link.read.1.tlog
D:\Task\WallPaper\src\BingWallPaper2\CoreUtility\x64\Release\Lib-link.write.1.tlog
D:\Task\WallPaper\src\BingWallPaper2\CoreUtility\x64\Release\lib.command.1.tlog
D:\Task\WallPaper\src\BingWallPaper2\CoreUtility\x64\Release\CoreUtility.pch
D:\Task\WallPaper\src\BingWallPaper2\CoreUtility\x64\Release\vc110.pdb
D:\Task\WallPaper\src\BingWallPaper2\x64\Release\CoreUtility.lib
