Build started 2015/3/29 22:38:05.
     1>Project "D:\Task\WallPaper\src\BingWallPaper2\CoreUtility\CoreUtility.vcxproj" on node 2 (Build target(s)).
     1>ClCompile:
         C:\Program Files (x86)\Microsoft Visual Studio 11.0\VC\bin\x86_amd64\CL.exe /c /Zi /nologo /W3 /WX- /sdl /O2 /Oi /GL /D WIN32 /D NDEBUG /D _LIB /D _USING_V110_SDK71_ /D _UNICODE /D UNICODE /Gm- /EHsc /MT /GS /Gy /fp:precise /Zc:wchar_t /Zc:forScope /Yc"stdafx.h" /Fp"x64\Release\CoreUtility.pch" /Fo"x64\Release\\" /Fd"x64\Release\vc110.pdb" /Gd /TP /errorReport:prompt stdafx.cpp
         stdafx.cpp
         C:\Program Files (x86)\Microsoft Visual Studio 11.0\VC\bin\x86_amd64\CL.exe /c /Zi /nologo /W3 /WX- /sdl /O2 /Oi /GL /D WIN32 /D NDEBUG /D _LIB /D _USING_V110_SDK71_ /D _UNICODE /D UNICODE /Gm- /EHsc /MT /GS /Gy /fp:precise /Zc:wchar_t /Zc:forScope /Yu"stdafx.h" /Fp"x64\Release\CoreUtility.pch" /Fo"x64\Release\\" /Fd"x64\Release\vc110.pdb" /Gd /TP /errorReport:prompt DeviceID.cpp FolderBrowser.cpp newsha256.cpp NotifyIconManager.cpp PhysicalDriveInNTUsingSmart.cpp RoamingHelper.cpp SmbiosScanner.cpp SmbiosTable.cpp SystemInfoUUIDHandler.cpp TPMInfo.cpp WMI.cpp
         DeviceID.cpp
         FolderBrowser.cpp
         newsha256.cpp
         NotifyIconManager.cpp
         PhysicalDriveInNTUsingSmart.cpp
         RoamingHelper.cpp
     1>d:\task\wallpaper\src\bingwallpaper2\coreutility\string_utility.h(330): warning C4267: 'argument' : conversion from 'size_t' to 'int', possible loss of data
     1>d:\task\wallpaper\src\bingwallpaper2\coreutility\string_utility.h(332): warning C4267: 'argument' : conversion from 'size_t' to 'int', possible loss of data
     1>d:\task\wallpaper\src\bingwallpaper2\coreutility\win32_utility.h(436): warning C4267: 'initializing' : conversion from 'size_t' to 'int', possible loss of data
     1>d:\task\wallpaper\src\bingwallpaper2\coreutility\win32_utility.h(440): warning C4267: 'initializing' : conversion from 'size_t' to 'int', possible loss of data
     1>d:\task\wallpaper\src\bingwallpaper2\coreutility\win32_utility.h(458): warning C4267: 'initializing' : conversion from 'size_t' to 'int', possible loss of data
     1>d:\task\wallpaper\src\bingwallpaper2\coreutility\win32_utility.h(710): warning C4267: 'initializing' : conversion from 'size_t' to 'int', possible loss of data
     1>d:\task\wallpaper\src\bingwallpaper2\coreutility\win32_utility.h(723): warning C4267: 'initializing' : conversion from 'size_t' to 'int', possible loss of data
         SmbiosScanner.cpp
         SmbiosTable.cpp
         SystemInfoUUIDHandler.cpp
         TPMInfo.cpp
         WMI.cpp
       Lib:
         C:\Program Files (x86)\Microsoft Visual Studio 11.0\VC\bin\x86_amd64\Lib.exe /OUT:"D:\Task\WallPaper\src\BingWallPaper2\x64\Release\CoreUtility.lib" /NOLOGO /MACHINE:X64 /LTCG x64\Release\DeviceID.obj
         x64\Release\FolderBrowser.obj
         x64\Release\newsha256.obj
         x64\Release\NotifyIconManager.obj
         x64\Release\PhysicalDriveInNTUsingSmart.obj
         x64\Release\RoamingHelper.obj
         x64\Release\SmbiosScanner.obj
         x64\Release\SmbiosTable.obj
         x64\Release\stdafx.obj
         x64\Release\SystemInfoUUIDHandler.obj
         x64\Release\TPMInfo.obj
         x64\Release\WMI.obj
         CoreUtility.vcxproj -> D:\Task\WallPaper\src\BingWallPaper2\x64\Release\CoreUtility.lib
     1>Done Building Project "D:\Task\WallPaper\src\BingWallPaper2\CoreUtility\CoreUtility.vcxproj" (Build target(s)).

Build succeeded.

Time Elapsed 00:00:09.68
